* using log directory 'C:/Week7HomeworkVize/Package.Rcheck'
* using R version 4.3.3 (2024-02-29 ucrt)
* using platform: x86_64-w64-mingw32 (64-bit)
* R was compiled by
    gcc.exe (GCC) 12.3.0
    GNU Fortran (GCC) 12.3.0
* running under: Windows 11 x64 (build 22631)
* using session charset: UTF-8
* using options '--no-manual --as-cran'
* checking for file 'Package/DESCRIPTION' ... OK
* this is package 'Package' version '0.0.0.9000'
* package encoding: UTF-8
* checking package namespace information ... OK
* checking package dependencies ... OK
* checking if this is a source package ... OK
* checking if there is a namespace ... OK
* checking for executable files ... OK
* checking for hidden files and directories ... OK
* checking for portable file names ... OK
* checking serialization versions ... OK
* checking whether package 'Package' can be installed ... OK
* checking installed package size ... OK
* checking package directory ... OK
* checking for future file timestamps ... OK
* checking DESCRIPTION meta-information ... WARNING
Non-standard license specification:
  `use_mit_license()`, `use_gpl3_license()` or friends to pick a
  license
Standardizable: FALSE
* checking top-level files ... OK
* checking for left-over files ... OK
* checking index information ... OK
* checking package subdirectories ... OK
* checking R files for non-ASCII characters ... OK
* checking R files for syntax errors ... OK
* checking whether the package can be loaded ... OK
* checking whether the package can be loaded with stated dependencies ... OK
* checking whether the package can be unloaded cleanly ... OK
* checking whether the namespace can be loaded with stated dependencies ... OK
* checking whether the namespace can be unloaded cleanly ... OK
* checking loading without being on the library search path ... OK
* checking dependencies in R code ... WARNING
'::' or ':::' import not declared from: 'RSQLite'
'library' or 'require' calls not declared from:
  'RSQLite' 'dplyr' 'haven'
'library' or 'require' calls in package code:
  'RSQLite' 'dplyr' 'haven'
  Please use :: or requireNamespace() instead.
  See section 'Suggested packages' in the 'Writing R Extensions' manual.
* checking S3 generic/method consistency ... OK
* checking replacement functions ... OK
* checking foreign function calls ... OK
* checking R code for possible problems ... NOTE
connect_to_database: no visible global function definition for
  'dbConnect'
filteredData: no visible global function definition for '%>%'
filteredData: no visible global function definition for 'filter'
filteredData: no visible binding for global variable 'Country'
filteredData: no visible global function definition for 'write_csv'
get_youtube_data: no visible global function definition for
  'dbReadTable'
get_youtube_data: no visible global function definition for
  'dbDisconnect'
Undefined global functions or variables:
  %>% Country dbConnect dbDisconnect dbReadTable filter write_csv
Consider adding
  importFrom("stats", "filter")
to your NAMESPACE file.
* checking Rd files ... OK
* checking Rd metadata ... OK
* checking Rd line widths ... OK
* checking Rd cross-references ... OK
* checking for missing documentation entries ... WARNING
Undocumented code objects:
  'dataTypes' 'filteredData' 'get_youtube_data' 'replace_na_with_zero'
All user-level objects in a package should have documentation entries.
See chapter 'Writing R documentation files' in the 'Writing R
Extensions' manual.
* checking for code/documentation mismatches ... OK
* checking Rd \usage sections ... OK
* checking Rd contents ... OK
* checking for unstated dependencies in examples ... OK
* checking examples ... NONE
* checking for unstated dependencies in 'tests' ... OK
* checking tests ... ERROR
  Running 'testthat.R'
Running the tests in 'tests/testthat.R' failed.
Last 13 lines of output:
  Backtrace:
      ▆
   1. └─Package::connect_to_database(temp_db) at test_data.R:8:3
   2.   └─base::library(RSQLite)
  ── Error ('test_data.R:32:3'): filteredData fonksiyonunun doğru çalıştığı doğrulandı ──
  <packageNotFoundError/error/condition>
  Error in `library(dplyr)`: there is no package called 'dplyr'
  Backtrace:
      ▆
   1. └─Package::filteredData(test_data) at test_data.R:32:3
   2.   └─base::library(dplyr)
  
  [ FAIL 2 | WARN 0 | SKIP 0 | PASS 0 ]
  Error: Test failures
  Execution halted
* checking for non-standard things in the check directory ... OK
* checking for detritus in the temp directory ... OK
* DONE
Status: 1 ERROR, 3 WARNINGs, 1 NOTE
